General
Complete name                            : Amy Winehouse - You Know I'm No Good.m4a
Format                                   : dash
Codec ID                                 : dash (iso6/mp41)
File size                                : 3.94 MiB
Duration                                 : 4 min 14 s
Overall bit rate                         : 129 kb/s
Encoded date                             : UTC 2020-02-22 19:03:22
Tagged date                              : UTC 2020-02-22 19:03:22

Audio
ID                                       : 1
Format                                   : AAC LC
Format/Info                              : Advanced Audio Codec Low Complexity
Codec ID                                 : mp4a-40-2
Duration                                 : 4 min 14 s
Bit rate                                 : 128 kb/s
Channel(s)                               : 2 channels
Channel layout                           : L R
Sampling rate                            : 44.1 kHz
Frame rate                               : 43.066 FPS (1024 SPF)
Compression mode                         : Lossy
Stream size                              : 3.89 MiB (99%)
Title                                    : ISO Media file produced by Google Inc.
Encoded date                             : UTC 2020-02-22 19:03:22
Tagged date                              : UTC 2020-02-22 19:03:22


