General
Complete name                            : Amy Winehouse - Back To Black.mp3
Format                                   : MPEG Audio
File size                                : 3.78 MiB
Duration                                 : 4 min 8 s
Overall bit rate mode                    : Constant
Overall bit rate                         : 128 kb/s
Writing library                          : Lavf57.56.101

Audio
Format                                   : MPEG Audio
Format version                           : Version 1
Format profile                           : Layer 3
Format settings                          : Joint stereo / MS Stereo
Duration                                 : 4 min 8 s
Bit rate mode                            : Constant
Bit rate                                 : 128 kb/s
Channel(s)                               : 2 channels
Sampling rate                            : 48.0 kHz
Frame rate                               : 41.667 FPS (1152 SPF)
Compression mode                         : Lossy
Stream size                              : 3.78 MiB (100%)


