General
Complete name                            : Mozart - Ave maria.ogg
Format                                   : Ogg
File size                                : 2.04 MiB
Duration                                 : 2 min 35 s
Overall bit rate mode                    : Variable
Overall bit rate                         : 110 kb/s
Writing application                      : Lavc57.64.101 libvorbis

Audio
ID                                       : 3802352126 (0xE2A349FE)
Format                                   : Vorbis
Format settings, Floor                   : 1
Duration                                 : 2 min 35 s
Bit rate mode                            : Variable
Bit rate                                 : 128 kb/s
Channel(s)                               : 2 channels
Sampling rate                            : 48.0 kHz
Compression mode                         : Lossy
Stream size                              : 2.38 MiB
Writing library                          : Lavf57.56.101
Language                                 : English


